2026-03-13 22:49:14,709 [Worker-8: Loading available Gradle versions] INFO  o.e.b.c.i.u.g.PublishedGradleVersions - Gradle version information cache is not available. Remote download required.
2026-03-13 22:49:53,461 [ModalContext] INFO  o.e.m.c.i.e.AbstractTransferListenerAdapter - Downloading https://repo.maven.apache.org/maven2/org/apache/maven/archetypes/maven-archetype-quickstart/1.5/maven-archetype-quickstart-1.5.pom
2026-03-13 22:49:53,507 [ModalContext] INFO  o.e.m.c.i.e.AbstractTransferListenerAdapter - Downloaded https://repo.maven.apache.org/maven2/org/apache/maven/archetypes/maven-archetype-quickstart/1.5/maven-archetype-quickstart-1.5.pom
2026-03-13 22:49:53,663 [ModalContext] INFO  o.e.m.c.i.e.AbstractTransferListenerAdapter - Downloading https://repo.maven.apache.org/maven2/org/apache/maven/archetypes/maven-archetype-bundles/1.5/maven-archetype-bundles-1.5.pom
2026-03-13 22:49:53,668 [ModalContext] INFO  o.e.m.c.i.e.AbstractTransferListenerAdapter - Downloaded https://repo.maven.apache.org/maven2/org/apache/maven/archetypes/maven-archetype-bundles/1.5/maven-archetype-bundles-1.5.pom
2026-03-13 22:49:53,710 [ModalContext] INFO  o.e.m.c.i.e.AbstractTransferListenerAdapter - Downloading https://repo.maven.apache.org/maven2/org/apache/maven/maven-parent/43/maven-parent-43.pom
2026-03-13 22:49:53,716 [ModalContext] INFO  o.e.m.c.i.e.AbstractTransferListenerAdapter - Downloaded https://repo.maven.apache.org/maven2/org/apache/maven/maven-parent/43/maven-parent-43.pom
2026-03-13 22:49:53,770 [ModalContext] INFO  o.e.m.c.i.e.AbstractTransferListenerAdapter - Downloading https://repo.maven.apache.org/maven2/org/apache/apache/33/apache-33.pom
2026-03-13 22:49:53,779 [ModalContext] INFO  o.e.m.c.i.e.AbstractTransferListenerAdapter - Downloaded https://repo.maven.apache.org/maven2/org/apache/apache/33/apache-33.pom
2026-03-13 22:49:53,853 [ModalContext] INFO  o.e.m.c.i.e.AbstractTransferListenerAdapter - Downloading https://repo.maven.apache.org/maven2/org/junit/junit-bom/5.10.3/junit-bom-5.10.3.pom
2026-03-13 22:49:53,855 [ModalContext] INFO  o.e.m.c.i.e.AbstractTransferListenerAdapter - Downloaded https://repo.maven.apache.org/maven2/org/junit/junit-bom/5.10.3/junit-bom-5.10.3.pom
2026-03-13 22:49:53,999 [ModalContext] INFO  o.e.m.c.i.e.AbstractTransferListenerAdapter - Downloading https://repo.maven.apache.org/maven2/org/apache/maven/archetypes/maven-archetype-quickstart/1.5/maven-archetype-quickstart-1.5.jar
2026-03-13 22:49:54,002 [ModalContext] INFO  o.e.m.c.i.e.AbstractTransferListenerAdapter - Downloaded https://repo.maven.apache.org/maven2/org/apache/maven/archetypes/maven-archetype-quickstart/1.5/maven-archetype-quickstart-1.5.jar
2026-03-13 22:50:21,192 [Worker-18: Launching mavenrun-4ef6cdf3-2e68-46c3-a28c-680595d767b4] INFO  o.eclipse.m2e.core.internal.Bundles - getClasspathEntries(Bundle=org.eclipse.m2e.maven.runtime_3.9.1101.20251020-1549 [370])
2026-03-13 22:50:21,197 [Worker-18: Launching mavenrun-4ef6cdf3-2e68-46c3-a28c-680595d767b4] INFO  o.eclipse.m2e.core.internal.Bundles - 	Entry: /Applications/SpringToolsForEclipse.app/Contents/Eclipse/plugins/org.eclipse.m2e.maven.runtime_3.9.1101.20251020-1549
2026-03-13 22:50:21,198 [Worker-18: Launching mavenrun-4ef6cdf3-2e68-46c3-a28c-680595d767b4] INFO  o.eclipse.m2e.core.internal.Bundles - 	Entry: /Applications/SpringToolsForEclipse.app/Contents/Eclipse/plugins/org.eclipse.m2e.maven.runtime_3.9.1101.20251020-1549/jars/aopalliance-1.0.jar
2026-03-13 22:50:21,199 [Worker-18: Launching mavenrun-4ef6cdf3-2e68-46c3-a28c-680595d767b4] INFO  o.eclipse.m2e.core.internal.Bundles - 	Entry: /Applications/SpringToolsForEclipse.app/Contents/Eclipse/plugins/org.eclipse.m2e.maven.runtime_3.9.1101.20251020-1549/jars/asm-9.8.jar
2026-03-13 22:50:21,199 [Worker-18: Launching mavenrun-4ef6cdf3-2e68-46c3-a28c-680595d767b4] INFO  o.eclipse.m2e.core.internal.Bundles - 	Entry: /Applications/SpringToolsForEclipse.app/Contents/Eclipse/plugins/org.eclipse.m2e.maven.runtime_3.9.1101.20251020-1549/jars/error_prone_annotations-2.38.0.jar
2026-03-13 22:50:21,199 [Worker-18: Launching mavenrun-4ef6cdf3-2e68-46c3-a28c-680595d767b4] INFO  o.eclipse.m2e.core.internal.Bundles - 	Entry: /Applications/SpringToolsForEclipse.app/Contents/Eclipse/plugins/org.eclipse.m2e.maven.runtime_3.9.1101.20251020-1549/jars/gson-2.13.1.jar
2026-03-13 22:50:21,199 [Worker-18: Launching mavenrun-4ef6cdf3-2e68-46c3-a28c-680595d767b4] INFO  o.eclipse.m2e.core.internal.Bundles - 	Entry: /Applications/SpringToolsForEclipse.app/Contents/Eclipse/plugins/org.eclipse.m2e.maven.runtime_3.9.1101.20251020-1549/jars/guice-5.1.0-classes.jar
2026-03-13 22:50:21,199 [Worker-18: Launching mavenrun-4ef6cdf3-2e68-46c3-a28c-680595d767b4] INFO  o.eclipse.m2e.core.internal.Bundles - 	Entry: /Applications/SpringToolsForEclipse.app/Contents/Eclipse/plugins/org.eclipse.m2e.maven.runtime_3.9.1101.20251020-1549/jars/httpclient-4.5.14.jar
2026-03-13 22:50:21,199 [Worker-18: Launching mavenrun-4ef6cdf3-2e68-46c3-a28c-680595d767b4] INFO  o.eclipse.m2e.core.internal.Bundles - 	Entry: /Applications/SpringToolsForEclipse.app/Contents/Eclipse/plugins/org.eclipse.m2e.maven.runtime_3.9.1101.20251020-1549/jars/httpcore-4.4.16.jar
2026-03-13 22:50:21,199 [Worker-18: Launching mavenrun-4ef6cdf3-2e68-46c3-a28c-680595d767b4] INFO  o.eclipse.m2e.core.internal.Bundles - 	Entry: /Applications/SpringToolsForEclipse.app/Contents/Eclipse/plugins/org.eclipse.m2e.maven.runtime_3.9.1101.20251020-1549/jars/jansi-2.4.2.jar
2026-03-13 22:50:21,199 [Worker-18: Launching mavenrun-4ef6cdf3-2e68-46c3-a28c-680595d767b4] INFO  o.eclipse.m2e.core.internal.Bundles - 	Entry: /Applications/SpringToolsForEclipse.app/Contents/Eclipse/plugins/org.eclipse.m2e.maven.runtime_3.9.1101.20251020-1549/jars/jcl-over-slf4j-1.7.36.jar
2026-03-13 22:50:21,199 [Worker-18: Launching mavenrun-4ef6cdf3-2e68-46c3-a28c-680595d767b4] INFO  o.eclipse.m2e.core.internal.Bundles - 	Entry: /Applications/SpringToolsForEclipse.app/Contents/Eclipse/plugins/org.eclipse.m2e.maven.runtime_3.9.1101.20251020-1549/jars/maven-artifact-3.9.11.jar
2026-03-13 22:50:21,199 [Worker-18: Launching mavenrun-4ef6cdf3-2e68-46c3-a28c-680595d767b4] INFO  o.eclipse.m2e.core.internal.Bundles - 	Entry: /Applications/SpringToolsForEclipse.app/Contents/Eclipse/plugins/org.eclipse.m2e.maven.runtime_3.9.1101.20251020-1549/jars/maven-builder-support-3.9.11.jar
2026-03-13 22:50:21,199 [Worker-18: Launching mavenrun-4ef6cdf3-2e68-46c3-a28c-680595d767b4] INFO  o.eclipse.m2e.core.internal.Bundles - 	Entry: /Applications/SpringToolsForEclipse.app/Contents/Eclipse/plugins/org.eclipse.m2e.maven.runtime_3.9.1101.20251020-1549/jars/maven-compat-3.9.11.jar
2026-03-13 22:50:21,199 [Worker-18: Launching mavenrun-4ef6cdf3-2e68-46c3-a28c-680595d767b4] INFO  o.eclipse.m2e.core.internal.Bundles - 	Entry: /Applications/SpringToolsForEclipse.app/Contents/Eclipse/plugins/org.eclipse.m2e.maven.runtime_3.9.1101.20251020-1549/jars/maven-core-3.9.11.jar
2026-03-13 22:50:21,199 [Worker-18: Launching mavenrun-4ef6cdf3-2e68-46c3-a28c-680595d767b4] INFO  o.eclipse.m2e.core.internal.Bundles - 	Entry: /Applications/SpringToolsForEclipse.app/Contents/Eclipse/plugins/org.eclipse.m2e.maven.runtime_3.9.1101.20251020-1549/jars/maven-embedder-3.9.11.jar
2026-03-13 22:50:21,200 [Worker-18: Launching mavenrun-4ef6cdf3-2e68-46c3-a28c-680595d767b4] INFO  o.eclipse.m2e.core.internal.Bundles - 	Entry: /Applications/SpringToolsForEclipse.app/Contents/Eclipse/plugins/org.eclipse.m2e.maven.runtime_3.9.1101.20251020-1549/jars/maven-model-3.9.11.jar
2026-03-13 22:50:21,200 [Worker-18: Launching mavenrun-4ef6cdf3-2e68-46c3-a28c-680595d767b4] INFO  o.eclipse.m2e.core.internal.Bundles - 	Entry: /Applications/SpringToolsForEclipse.app/Contents/Eclipse/plugins/org.eclipse.m2e.maven.runtime_3.9.1101.20251020-1549/jars/maven-model-builder-3.9.11.jar
2026-03-13 22:50:21,200 [Worker-18: Launching mavenrun-4ef6cdf3-2e68-46c3-a28c-680595d767b4] INFO  o.eclipse.m2e.core.internal.Bundles - 	Entry: /Applications/SpringToolsForEclipse.app/Contents/Eclipse/plugins/org.eclipse.m2e.maven.runtime_3.9.1101.20251020-1549/jars/maven-plugin-api-3.9.11.jar
2026-03-13 22:50:21,200 [Worker-18: Launching mavenrun-4ef6cdf3-2e68-46c3-a28c-680595d767b4] INFO  o.eclipse.m2e.core.internal.Bundles - 	Entry: /Applications/SpringToolsForEclipse.app/Contents/Eclipse/plugins/org.eclipse.m2e.maven.runtime_3.9.1101.20251020-1549/jars/maven-repository-metadata-3.9.11.jar
2026-03-13 22:50:21,200 [Worker-18: Launching mavenrun-4ef6cdf3-2e68-46c3-a28c-680595d767b4] INFO  o.eclipse.m2e.core.internal.Bundles - 	Entry: /Applications/SpringToolsForEclipse.app/Contents/Eclipse/plugins/org.eclipse.m2e.maven.runtime_3.9.1101.20251020-1549/jars/maven-resolver-api-1.9.24.jar
2026-03-13 22:50:21,200 [Worker-18: Launching mavenrun-4ef6cdf3-2e68-46c3-a28c-680595d767b4] INFO  o.eclipse.m2e.core.internal.Bundles - 	Entry: /Applications/SpringToolsForEclipse.app/Contents/Eclipse/plugins/org.eclipse.m2e.maven.runtime_3.9.1101.20251020-1549/jars/maven-resolver-connector-basic-1.9.24.jar
2026-03-13 22:50:21,200 [Worker-18: Launching mavenrun-4ef6cdf3-2e68-46c3-a28c-680595d767b4] INFO  o.eclipse.m2e.core.internal.Bundles - 	Entry: /Applications/SpringToolsForEclipse.app/Contents/Eclipse/plugins/org.eclipse.m2e.maven.runtime_3.9.1101.20251020-1549/jars/maven-resolver-impl-1.9.24.jar
2026-03-13 22:50:21,200 [Worker-18: Launching mavenrun-4ef6cdf3-2e68-46c3-a28c-680595d767b4] INFO  o.eclipse.m2e.core.internal.Bundles - 	Entry: /Applications/SpringToolsForEclipse.app/Contents/Eclipse/plugins/org.eclipse.m2e.maven.runtime_3.9.1101.20251020-1549/jars/maven-resolver-named-locks-1.9.24.jar
2026-03-13 22:50:21,200 [Worker-18: Launching mavenrun-4ef6cdf3-2e68-46c3-a28c-680595d767b4] INFO  o.eclipse.m2e.core.internal.Bundles - 	Entry: /Applications/SpringToolsForEclipse.app/Contents/Eclipse/plugins/org.eclipse.m2e.maven.runtime_3.9.1101.20251020-1549/jars/maven-resolver-provider-3.9.11.jar
2026-03-13 22:50:21,200 [Worker-18: Launching mavenrun-4ef6cdf3-2e68-46c3-a28c-680595d767b4] INFO  o.eclipse.m2e.core.internal.Bundles - 	Entry: /Applications/SpringToolsForEclipse.app/Contents/Eclipse/plugins/org.eclipse.m2e.maven.runtime_3.9.1101.20251020-1549/jars/maven-resolver-spi-1.9.24.jar
2026-03-13 22:50:21,200 [Worker-18: Launching mavenrun-4ef6cdf3-2e68-46c3-a28c-680595d767b4] INFO  o.eclipse.m2e.core.internal.Bundles - 	Entry: /Applications/SpringToolsForEclipse.app/Contents/Eclipse/plugins/org.eclipse.m2e.maven.runtime_3.9.1101.20251020-1549/jars/maven-resolver-transport-file-1.9.24.jar
2026-03-13 22:50:21,200 [Worker-18: Launching mavenrun-4ef6cdf3-2e68-46c3-a28c-680595d767b4] INFO  o.eclipse.m2e.core.internal.Bundles - 	Entry: /Applications/SpringToolsForEclipse.app/Contents/Eclipse/plugins/org.eclipse.m2e.maven.runtime_3.9.1101.20251020-1549/jars/maven-resolver-transport-http-1.9.24.jar
2026-03-13 22:50:21,200 [Worker-18: Launching mavenrun-4ef6cdf3-2e68-46c3-a28c-680595d767b4] INFO  o.eclipse.m2e.core.internal.Bundles - 	Entry: /Applications/SpringToolsForEclipse.app/Contents/Eclipse/plugins/org.eclipse.m2e.maven.runtime_3.9.1101.20251020-1549/jars/maven-resolver-transport-wagon-1.9.24.jar
2026-03-13 22:50:21,200 [Worker-18: Launching mavenrun-4ef6cdf3-2e68-46c3-a28c-680595d767b4] INFO  o.eclipse.m2e.core.internal.Bundles - 	Entry: /Applications/SpringToolsForEclipse.app/Contents/Eclipse/plugins/org.eclipse.m2e.maven.runtime_3.9.1101.20251020-1549/jars/maven-resolver-util-1.9.24.jar
2026-03-13 22:50:21,202 [Worker-18: Launching mavenrun-4ef6cdf3-2e68-46c3-a28c-680595d767b4] INFO  o.eclipse.m2e.core.internal.Bundles - 	Entry: /Applications/SpringToolsForEclipse.app/Contents/Eclipse/plugins/org.eclipse.m2e.maven.runtime_3.9.1101.20251020-1549/jars/maven-settings-3.9.11.jar
2026-03-13 22:50:21,202 [Worker-18: Launching mavenrun-4ef6cdf3-2e68-46c3-a28c-680595d767b4] INFO  o.eclipse.m2e.core.internal.Bundles - 	Entry: /Applications/SpringToolsForEclipse.app/Contents/Eclipse/plugins/org.eclipse.m2e.maven.runtime_3.9.1101.20251020-1549/jars/maven-settings-builder-3.9.11.jar
2026-03-13 22:50:21,202 [Worker-18: Launching mavenrun-4ef6cdf3-2e68-46c3-a28c-680595d767b4] INFO  o.eclipse.m2e.core.internal.Bundles - 	Entry: /Applications/SpringToolsForEclipse.app/Contents/Eclipse/plugins/org.eclipse.m2e.maven.runtime_3.9.1101.20251020-1549/jars/maven-shared-utils-3.4.2.jar
2026-03-13 22:50:21,202 [Worker-18: Launching mavenrun-4ef6cdf3-2e68-46c3-a28c-680595d767b4] INFO  o.eclipse.m2e.core.internal.Bundles - 	Entry: /Applications/SpringToolsForEclipse.app/Contents/Eclipse/plugins/org.eclipse.m2e.maven.runtime_3.9.1101.20251020-1549/jars/org.eclipse.sisu.inject-0.9.0.M4.jar
2026-03-13 22:50:21,202 [Worker-18: Launching mavenrun-4ef6cdf3-2e68-46c3-a28c-680595d767b4] INFO  o.eclipse.m2e.core.internal.Bundles - 	Entry: /Applications/SpringToolsForEclipse.app/Contents/Eclipse/plugins/org.eclipse.m2e.maven.runtime_3.9.1101.20251020-1549/jars/org.eclipse.sisu.plexus-0.9.0.M4.jar
2026-03-13 22:50:21,202 [Worker-18: Launching mavenrun-4ef6cdf3-2e68-46c3-a28c-680595d767b4] INFO  o.eclipse.m2e.core.internal.Bundles - 	Entry: /Applications/SpringToolsForEclipse.app/Contents/Eclipse/plugins/org.eclipse.m2e.maven.runtime_3.9.1101.20251020-1549/jars/plexus-build-api-0.0.7.jar
2026-03-13 22:50:21,202 [Worker-18: Launching mavenrun-4ef6cdf3-2e68-46c3-a28c-680595d767b4] INFO  o.eclipse.m2e.core.internal.Bundles - 	Entry: /Applications/SpringToolsForEclipse.app/Contents/Eclipse/plugins/org.eclipse.m2e.maven.runtime_3.9.1101.20251020-1549/jars/plexus-build-api-1.2.0.jar
2026-03-13 22:50:21,202 [Worker-18: Launching mavenrun-4ef6cdf3-2e68-46c3-a28c-680595d767b4] INFO  o.eclipse.m2e.core.internal.Bundles - 	Entry: /Applications/SpringToolsForEclipse.app/Contents/Eclipse/plugins/org.eclipse.m2e.maven.runtime_3.9.1101.20251020-1549/jars/plexus-cipher-2.0.jar
2026-03-13 22:50:21,202 [Worker-18: Launching mavenrun-4ef6cdf3-2e68-46c3-a28c-680595d767b4] INFO  o.eclipse.m2e.core.internal.Bundles - 	Entry: /Applications/SpringToolsForEclipse.app/Contents/Eclipse/plugins/org.eclipse.m2e.maven.runtime_3.9.1101.20251020-1549/jars/plexus-classworlds-2.9.0.jar
2026-03-13 22:50:21,202 [Worker-18: Launching mavenrun-4ef6cdf3-2e68-46c3-a28c-680595d767b4] INFO  o.eclipse.m2e.core.internal.Bundles - 	Entry: /Applications/SpringToolsForEclipse.app/Contents/Eclipse/plugins/org.eclipse.m2e.maven.runtime_3.9.1101.20251020-1549/jars/plexus-component-annotations-2.2.0.jar
2026-03-13 22:50:21,202 [Worker-18: Launching mavenrun-4ef6cdf3-2e68-46c3-a28c-680595d767b4] INFO  o.eclipse.m2e.core.internal.Bundles - 	Entry: /Applications/SpringToolsForEclipse.app/Contents/Eclipse/plugins/org.eclipse.m2e.maven.runtime_3.9.1101.20251020-1549/jars/plexus-interpolation-1.28.jar
2026-03-13 22:50:21,202 [Worker-18: Launching mavenrun-4ef6cdf3-2e68-46c3-a28c-680595d767b4] INFO  o.eclipse.m2e.core.internal.Bundles - 	Entry: /Applications/SpringToolsForEclipse.app/Contents/Eclipse/plugins/org.eclipse.m2e.maven.runtime_3.9.1101.20251020-1549/jars/plexus-sec-dispatcher-2.0.jar
2026-03-13 22:50:21,202 [Worker-18: Launching mavenrun-4ef6cdf3-2e68-46c3-a28c-680595d767b4] INFO  o.eclipse.m2e.core.internal.Bundles - 	Entry: /Applications/SpringToolsForEclipse.app/Contents/Eclipse/plugins/org.eclipse.m2e.maven.runtime_3.9.1101.20251020-1549/jars/plexus-utils-3.6.0.jar
2026-03-13 22:50:21,202 [Worker-18: Launching mavenrun-4ef6cdf3-2e68-46c3-a28c-680595d767b4] INFO  o.eclipse.m2e.core.internal.Bundles - 	Entry: /Applications/SpringToolsForEclipse.app/Contents/Eclipse/plugins/org.eclipse.m2e.maven.runtime_3.9.1101.20251020-1549/jars/wagon-file-3.5.3.jar
2026-03-13 22:50:21,202 [Worker-18: Launching mavenrun-4ef6cdf3-2e68-46c3-a28c-680595d767b4] INFO  o.eclipse.m2e.core.internal.Bundles - 	Entry: /Applications/SpringToolsForEclipse.app/Contents/Eclipse/plugins/org.eclipse.m2e.maven.runtime_3.9.1101.20251020-1549/jars/wagon-http-3.5.3.jar
2026-03-13 22:50:21,202 [Worker-18: Launching mavenrun-4ef6cdf3-2e68-46c3-a28c-680595d767b4] INFO  o.eclipse.m2e.core.internal.Bundles - 	Entry: /Applications/SpringToolsForEclipse.app/Contents/Eclipse/plugins/org.eclipse.m2e.maven.runtime_3.9.1101.20251020-1549/jars/wagon-http-shared-3.5.3.jar
2026-03-13 22:50:21,203 [Worker-18: Launching mavenrun-4ef6cdf3-2e68-46c3-a28c-680595d767b4] INFO  o.eclipse.m2e.core.internal.Bundles - 	Entry: /Applications/SpringToolsForEclipse.app/Contents/Eclipse/plugins/org.eclipse.m2e.maven.runtime_3.9.1101.20251020-1549/jars/wagon-provider-api-3.5.3.jar
2026-03-13 22:50:21,205 [Worker-18: Launching mavenrun-4ef6cdf3-2e68-46c3-a28c-680595d767b4] INFO  o.eclipse.m2e.core.internal.Bundles - getClasspathEntries(Bundle=com.google.guava_33.5.0.jre [31])
2026-03-13 22:50:21,205 [Worker-18: Launching mavenrun-4ef6cdf3-2e68-46c3-a28c-680595d767b4] INFO  o.eclipse.m2e.core.internal.Bundles - 	Entry: /Applications/SpringToolsForEclipse.app/Contents/Eclipse/plugins/com.google.guava_33.5.0.jre.jar
2026-03-13 22:50:21,205 [Worker-18: Launching mavenrun-4ef6cdf3-2e68-46c3-a28c-680595d767b4] INFO  o.eclipse.m2e.core.internal.Bundles - getClasspathEntries(Bundle=slf4j.api_2.0.17 [618])
2026-03-13 22:50:21,205 [Worker-18: Launching mavenrun-4ef6cdf3-2e68-46c3-a28c-680595d767b4] INFO  o.eclipse.m2e.core.internal.Bundles - 	Entry: /Applications/SpringToolsForEclipse.app/Contents/Eclipse/plugins/slf4j.api_2.0.17.jar
2026-03-13 22:50:21,205 [Worker-18: Launching mavenrun-4ef6cdf3-2e68-46c3-a28c-680595d767b4] INFO  o.eclipse.m2e.core.internal.Bundles - getClasspathEntries(Bundle=jakarta.inject.jakarta.inject-api_1.0.5 [46])
2026-03-13 22:50:21,205 [Worker-18: Launching mavenrun-4ef6cdf3-2e68-46c3-a28c-680595d767b4] INFO  o.eclipse.m2e.core.internal.Bundles - 	Entry: /Applications/SpringToolsForEclipse.app/Contents/Eclipse/plugins/jakarta.inject.jakarta.inject-api_1.0.5.jar
2026-03-13 22:50:21,205 [Worker-18: Launching mavenrun-4ef6cdf3-2e68-46c3-a28c-680595d767b4] INFO  o.eclipse.m2e.core.internal.Bundles - getClasspathEntries(Bundle=jakarta.annotation-api_1.3.5 [43])
2026-03-13 22:50:21,205 [Worker-18: Launching mavenrun-4ef6cdf3-2e68-46c3-a28c-680595d767b4] INFO  o.eclipse.m2e.core.internal.Bundles - 	Entry: /Applications/SpringToolsForEclipse.app/Contents/Eclipse/plugins/jakarta.annotation-api_1.3.5.jar
2026-03-13 22:50:21,205 [Worker-18: Launching mavenrun-4ef6cdf3-2e68-46c3-a28c-680595d767b4] INFO  o.eclipse.m2e.core.internal.Bundles - getClasspathEntries(Bundle=org.apache.commons.cli_1.11.0 [85])
2026-03-13 22:50:21,205 [Worker-18: Launching mavenrun-4ef6cdf3-2e68-46c3-a28c-680595d767b4] INFO  o.eclipse.m2e.core.internal.Bundles - 	Entry: /Applications/SpringToolsForEclipse.app/Contents/Eclipse/plugins/org.apache.commons.cli_1.11.0.jar
2026-03-13 22:50:21,205 [Worker-18: Launching mavenrun-4ef6cdf3-2e68-46c3-a28c-680595d767b4] INFO  o.eclipse.m2e.core.internal.Bundles - getClasspathEntries(Bundle=org.apache.commons.commons-codec_1.20.0 [87])
2026-03-13 22:50:21,205 [Worker-18: Launching mavenrun-4ef6cdf3-2e68-46c3-a28c-680595d767b4] INFO  o.eclipse.m2e.core.internal.Bundles - 	Entry: /Applications/SpringToolsForEclipse.app/Contents/Eclipse/plugins/org.apache.commons.commons-codec_1.20.0.jar
2026-03-13 22:50:21,205 [Worker-18: Launching mavenrun-4ef6cdf3-2e68-46c3-a28c-680595d767b4] INFO  o.eclipse.m2e.core.internal.Bundles - getClasspathEntries(Bundle=com.google.guava.failureaccess_1.0.3 [32])
2026-03-13 22:50:21,205 [Worker-18: Launching mavenrun-4ef6cdf3-2e68-46c3-a28c-680595d767b4] INFO  o.eclipse.m2e.core.internal.Bundles - 	Entry: /Applications/SpringToolsForEclipse.app/Contents/Eclipse/plugins/com.google.guava.failureaccess_1.0.3.jar
2026-03-13 22:50:21,212 [Worker-18: Launching mavenrun-4ef6cdf3-2e68-46c3-a28c-680595d767b4] INFO  o.e.m.i.launch.MavenLaunchDelegate - Run build in "/var/folders/j6/kzx1637x3fv9dvwbwd12dshc0000gn/T/m2e-archetypeGenerator2402882824476303210":
2026-03-13 22:50:21,219 [Worker-18: Launching mavenrun-4ef6cdf3-2e68-46c3-a28c-680595d767b4] INFO  o.e.m.i.launch.MavenLaunchDelegate -  mvn  -DjavaCompilerVersion=17 -DjunitVersion=5.11.0 -DarchetypeGroupId=org.apache.maven.archetypes -DarchetypeArtifactId=maven-archetype-quickstart -DarchetypeVersion=1.5 -DgroupId=com.klef.fsad.exam -DartifactId=skill -Dversion=0.0.1-SNAPSHOT -Dpackage=com.klef.fsad.exam -DoutputDirectory=/Users/kondurujaswanth/Desktop/skill -B -Dstyle.color=always -U archetype:generate
2026-03-13 22:50:43,918 [Worker-9: Creating maven-archetype-quickstart] INFO  o.e.m.c.i.p.ProjectConfigurationManager - Collecting project info '/pom.xml' /Users/kondurujaswanth/Desktop/skill/skill/pom.xml
2026-03-13 22:50:44,178 [Worker-9: Creating maven-archetype-quickstart] INFO  o.e.m.c.i.e.AbstractTransferListenerAdapter - Downloading https://repo.maven.apache.org/maven2/org/junit/junit-bom/5.11.0/junit-bom-5.11.0.pom
2026-03-13 22:50:44,182 [Worker-9: Creating maven-archetype-quickstart] INFO  o.e.m.c.i.e.AbstractTransferListenerAdapter - Downloaded https://repo.maven.apache.org/maven2/org/junit/junit-bom/5.11.0/junit-bom-5.11.0.pom
2026-03-13 22:50:44,422 [Worker-9: Creating maven-archetype-quickstart] INFO  o.e.m.c.i.e.AbstractTransferListenerAdapter - Downloading https://repo.maven.apache.org/maven2/org/apache/maven/plugins/maven-clean-plugin/3.4.0/maven-clean-plugin-3.4.0.jar
2026-03-13 22:50:44,430 [Worker-9: Creating maven-archetype-quickstart] INFO  o.e.m.c.i.e.AbstractTransferListenerAdapter - Downloaded https://repo.maven.apache.org/maven2/org/apache/maven/plugins/maven-clean-plugin/3.4.0/maven-clean-plugin-3.4.0.jar
2026-03-13 22:50:44,551 [Worker-9: Creating maven-archetype-quickstart] INFO  o.e.m.c.i.e.AbstractTransferListenerAdapter - Downloading https://repo.maven.apache.org/maven2/org/apache/maven/plugins/maven-resources-plugin/3.3.1/maven-resources-plugin-3.3.1.jar
2026-03-13 22:50:44,559 [Worker-9: Creating maven-archetype-quickstart] INFO  o.e.m.c.i.e.AbstractTransferListenerAdapter - Downloaded https://repo.maven.apache.org/maven2/org/apache/maven/plugins/maven-resources-plugin/3.3.1/maven-resources-plugin-3.3.1.jar
2026-03-13 22:50:44,594 [Worker-9: Creating maven-archetype-quickstart] INFO  o.e.m.c.i.e.AbstractTransferListenerAdapter - Downloading https://repo.maven.apache.org/maven2/org/apache/maven/plugins/maven-compiler-plugin/3.13.0/maven-compiler-plugin-3.13.0.jar
2026-03-13 22:50:44,611 [Worker-9: Creating maven-archetype-quickstart] INFO  o.e.m.c.i.e.AbstractTransferListenerAdapter - Downloaded https://repo.maven.apache.org/maven2/org/apache/maven/plugins/maven-compiler-plugin/3.13.0/maven-compiler-plugin-3.13.0.jar
2026-03-13 22:50:44,728 [Worker-9: Creating maven-archetype-quickstart] INFO  o.e.m.c.i.e.AbstractTransferListenerAdapter - Downloading https://repo.maven.apache.org/maven2/org/apache/maven/plugins/maven-surefire-plugin/3.3.0/maven-surefire-plugin-3.3.0.jar
2026-03-13 22:50:44,733 [Worker-9: Creating maven-archetype-quickstart] INFO  o.e.m.c.i.e.AbstractTransferListenerAdapter - Downloaded https://repo.maven.apache.org/maven2/org/apache/maven/plugins/maven-surefire-plugin/3.3.0/maven-surefire-plugin-3.3.0.jar
2026-03-13 22:50:44,771 [Worker-9: Creating maven-archetype-quickstart] INFO  o.e.m.c.i.e.AbstractTransferListenerAdapter - Downloading https://repo.maven.apache.org/maven2/org/apache/maven/plugins/maven-jar-plugin/3.4.2/maven-jar-plugin-3.4.2.jar
2026-03-13 22:50:44,779 [Worker-9: Creating maven-archetype-quickstart] INFO  o.e.m.c.i.e.AbstractTransferListenerAdapter - Downloaded https://repo.maven.apache.org/maven2/org/apache/maven/plugins/maven-jar-plugin/3.4.2/maven-jar-plugin-3.4.2.jar
2026-03-13 22:50:44,835 [Worker-9: Creating maven-archetype-quickstart] INFO  o.e.m.c.i.e.AbstractTransferListenerAdapter - Downloading https://repo.maven.apache.org/maven2/org/apache/maven/plugins/maven-compiler-plugin/3.13.0/maven-compiler-plugin-3.13.0.pom
2026-03-13 22:50:44,838 [Worker-9: Creating maven-archetype-quickstart] INFO  o.e.m.c.i.e.AbstractTransferListenerAdapter - Downloaded https://repo.maven.apache.org/maven2/org/apache/maven/plugins/maven-compiler-plugin/3.13.0/maven-compiler-plugin-3.13.0.pom
2026-03-13 22:50:45,049 [Worker-9: Creating maven-archetype-quickstart] INFO  o.e.m.c.i.e.AbstractTransferListenerAdapter - Downloading https://repo.maven.apache.org/maven2/commons-io/commons-io/2.11.0/commons-io-2.11.0.pom
2026-03-13 22:50:45,053 [Worker-9: Creating maven-archetype-quickstart] INFO  o.e.m.c.i.e.AbstractTransferListenerAdapter - Downloaded https://repo.maven.apache.org/maven2/commons-io/commons-io/2.11.0/commons-io-2.11.0.pom
2026-03-13 22:50:45,101 [Worker-9: Creating maven-archetype-quickstart] INFO  o.e.m.c.i.e.AbstractTransferListenerAdapter - Downloading https://repo.maven.apache.org/maven2/org/apache/commons/commons-parent/52/commons-parent-52.pom
2026-03-13 22:50:45,105 [Worker-9: Creating maven-archetype-quickstart] INFO  o.e.m.c.i.e.AbstractTransferListenerAdapter - Downloaded https://repo.maven.apache.org/maven2/org/apache/commons/commons-parent/52/commons-parent-52.pom
2026-03-13 22:50:45,171 [Worker-9: Creating maven-archetype-quickstart] INFO  o.e.m.c.i.e.AbstractTransferListenerAdapter - Downloading https://repo.maven.apache.org/maven2/org/junit/junit-bom/5.7.2/junit-bom-5.7.2.pom
2026-03-13 22:50:45,173 [Worker-9: Creating maven-archetype-quickstart] INFO  o.e.m.c.i.e.AbstractTransferListenerAdapter - Downloaded https://repo.maven.apache.org/maven2/org/junit/junit-bom/5.7.2/junit-bom-5.7.2.pom
2026-03-13 22:50:45,223 [Worker-9: Creating maven-archetype-quickstart] INFO  o.e.m.c.i.e.AbstractTransferListenerAdapter - Downloading https://repo.maven.apache.org/maven2/org/apache/maven/shared/maven-shared-incremental/1.1/maven-shared-incremental-1.1.pom
2026-03-13 22:50:45,226 [Worker-9: Creating maven-archetype-quickstart] INFO  o.e.m.c.i.e.AbstractTransferListenerAdapter - Downloaded https://repo.maven.apache.org/maven2/org/apache/maven/shared/maven-shared-incremental/1.1/maven-shared-incremental-1.1.pom
2026-03-13 22:50:45,269 [Worker-9: Creating maven-archetype-quickstart] INFO  o.e.m.c.i.e.AbstractTransferListenerAdapter - Downloading https://repo.maven.apache.org/maven2/org/apache/maven/shared/maven-shared-components/19/maven-shared-components-19.pom
2026-03-13 22:50:45,270 [Worker-9: Creating maven-archetype-quickstart] INFO  o.e.m.c.i.e.AbstractTransferListenerAdapter - Downloaded https://repo.maven.apache.org/maven2/org/apache/maven/shared/maven-shared-components/19/maven-shared-components-19.pom
2026-03-13 22:50:45,316 [Worker-9: Creating maven-archetype-quickstart] INFO  o.e.m.c.i.e.AbstractTransferListenerAdapter - Downloading https://repo.maven.apache.org/maven2/org/apache/maven/maven-parent/23/maven-parent-23.pom
2026-03-13 22:50:45,317 [Worker-9: Creating maven-archetype-quickstart] INFO  o.e.m.c.i.e.AbstractTransferListenerAdapter - Downloaded https://repo.maven.apache.org/maven2/org/apache/maven/maven-parent/23/maven-parent-23.pom
2026-03-13 22:50:45,354 [Worker-9: Creating maven-archetype-quickstart] INFO  o.e.m.c.i.e.AbstractTransferListenerAdapter - Downloading https://repo.maven.apache.org/maven2/org/apache/apache/13/apache-13.pom
2026-03-13 22:50:45,357 [Worker-9: Creating maven-archetype-quickstart] INFO  o.e.m.c.i.e.AbstractTransferListenerAdapter - Downloaded https://repo.maven.apache.org/maven2/org/apache/apache/13/apache-13.pom
2026-03-13 22:50:45,405 [Worker-9: Creating maven-archetype-quickstart] INFO  o.e.m.c.i.e.AbstractTransferListenerAdapter - Downloading https://repo.maven.apache.org/maven2/org/codehaus/plexus/plexus-java/1.2.0/plexus-java-1.2.0.pom
2026-03-13 22:50:45,406 [Worker-9: Creating maven-archetype-quickstart] INFO  o.e.m.c.i.e.AbstractTransferListenerAdapter - Downloaded https://repo.maven.apache.org/maven2/org/codehaus/plexus/plexus-java/1.2.0/plexus-java-1.2.0.pom
2026-03-13 22:50:45,448 [Worker-9: Creating maven-archetype-quickstart] INFO  o.e.m.c.i.e.AbstractTransferListenerAdapter - Downloading https://repo.maven.apache.org/maven2/org/codehaus/plexus/plexus-languages/1.2.0/plexus-languages-1.2.0.pom
2026-03-13 22:50:45,450 [Worker-9: Creating maven-archetype-quickstart] INFO  o.e.m.c.i.e.AbstractTransferListenerAdapter - Downloaded https://repo.maven.apache.org/maven2/org/codehaus/plexus/plexus-languages/1.2.0/plexus-languages-1.2.0.pom
2026-03-13 22:50:45,489 [Worker-9: Creating maven-archetype-quickstart] INFO  o.e.m.c.i.e.AbstractTransferListenerAdapter - Downloading https://repo.maven.apache.org/maven2/org/codehaus/plexus/plexus/15/plexus-15.pom
2026-03-13 22:50:45,578 [Worker-9: Creating maven-archetype-quickstart] INFO  o.e.m.c.i.e.AbstractTransferListenerAdapter - Downloaded https://repo.maven.apache.org/maven2/org/codehaus/plexus/plexus/15/plexus-15.pom
2026-03-13 22:50:45,639 [Worker-9: Creating maven-archetype-quickstart] INFO  o.e.m.c.i.e.AbstractTransferListenerAdapter - Downloading https://repo.maven.apache.org/maven2/org/junit/junit-bom/5.10.0/junit-bom-5.10.0.pom
2026-03-13 22:50:45,643 [Worker-9: Creating maven-archetype-quickstart] INFO  o.e.m.c.i.e.AbstractTransferListenerAdapter - Downloaded https://repo.maven.apache.org/maven2/org/junit/junit-bom/5.10.0/junit-bom-5.10.0.pom
2026-03-13 22:50:45,682 [Worker-9: Creating maven-archetype-quickstart] INFO  o.e.m.c.i.e.AbstractTransferListenerAdapter - Downloading https://repo.maven.apache.org/maven2/org/ow2/asm/asm/9.6/asm-9.6.pom
2026-03-13 22:50:45,684 [Worker-9: Creating maven-archetype-quickstart] INFO  o.e.m.c.i.e.AbstractTransferListenerAdapter - Downloaded https://repo.maven.apache.org/maven2/org/ow2/asm/asm/9.6/asm-9.6.pom
2026-03-13 22:50:45,712 [Worker-9: Creating maven-archetype-quickstart] INFO  o.e.m.c.i.e.AbstractTransferListenerAdapter - Downloading https://repo.maven.apache.org/maven2/org/ow2/ow2/1.5.1/ow2-1.5.1.pom
2026-03-13 22:50:45,713 [Worker-9: Creating maven-archetype-quickstart] INFO  o.e.m.c.i.e.AbstractTransferListenerAdapter - Downloaded https://repo.maven.apache.org/maven2/org/ow2/ow2/1.5.1/ow2-1.5.1.pom
2026-03-13 22:50:45,752 [Worker-9: Creating maven-archetype-quickstart] INFO  o.e.m.c.i.e.AbstractTransferListenerAdapter - Downloading https://repo.maven.apache.org/maven2/com/thoughtworks/qdox/qdox/2.0.3/qdox-2.0.3.pom
2026-03-13 22:50:45,753 [Worker-9: Creating maven-archetype-quickstart] INFO  o.e.m.c.i.e.AbstractTransferListenerAdapter - Downloaded https://repo.maven.apache.org/maven2/com/thoughtworks/qdox/qdox/2.0.3/qdox-2.0.3.pom
2026-03-13 22:50:45,795 [Worker-9: Creating maven-archetype-quickstart] INFO  o.e.m.c.i.e.AbstractTransferListenerAdapter - Downloading https://repo.maven.apache.org/maven2/org/sonatype/oss/oss-parent/9/oss-parent-9.pom
2026-03-13 22:50:45,796 [Worker-9: Creating maven-archetype-quickstart] INFO  o.e.m.c.i.e.AbstractTransferListenerAdapter - Downloaded https://repo.maven.apache.org/maven2/org/sonatype/oss/oss-parent/9/oss-parent-9.pom
2026-03-13 22:50:45,836 [Worker-9: Creating maven-archetype-quickstart] INFO  o.e.m.c.i.e.AbstractTransferListenerAdapter - Downloading https://repo.maven.apache.org/maven2/org/codehaus/plexus/plexus-compiler-api/2.15.0/plexus-compiler-api-2.15.0.pom
2026-03-13 22:50:45,838 [Worker-9: Creating maven-archetype-quickstart] INFO  o.e.m.c.i.e.AbstractTransferListenerAdapter - Downloaded https://repo.maven.apache.org/maven2/org/codehaus/plexus/plexus-compiler-api/2.15.0/plexus-compiler-api-2.15.0.pom
2026-03-13 22:50:45,880 [Worker-9: Creating maven-archetype-quickstart] INFO  o.e.m.c.i.e.AbstractTransferListenerAdapter - Downloading https://repo.maven.apache.org/maven2/org/codehaus/plexus/plexus-compiler/2.15.0/plexus-compiler-2.15.0.pom
2026-03-13 22:50:45,883 [Worker-9: Creating maven-archetype-quickstart] INFO  o.e.m.c.i.e.AbstractTransferListenerAdapter - Downloaded https://repo.maven.apache.org/maven2/org/codehaus/plexus/plexus-compiler/2.15.0/plexus-compiler-2.15.0.pom
2026-03-13 22:50:45,918 [Worker-9: Creating maven-archetype-quickstart] INFO  o.e.m.c.i.e.AbstractTransferListenerAdapter - Downloading https://repo.maven.apache.org/maven2/org/codehaus/plexus/plexus/17/plexus-17.pom
2026-03-13 22:50:45,927 [Worker-9: Creating maven-archetype-quickstart] INFO  o.e.m.c.i.e.AbstractTransferListenerAdapter - Downloaded https://repo.maven.apache.org/maven2/org/codehaus/plexus/plexus/17/plexus-17.pom
2026-03-13 22:50:45,979 [Worker-9: Creating maven-archetype-quickstart] INFO  o.e.m.c.i.e.AbstractTransferListenerAdapter - Downloading https://repo.maven.apache.org/maven2/org/codehaus/plexus/plexus-utils/4.0.0/plexus-utils-4.0.0.pom
2026-03-13 22:50:45,980 [Worker-9: Creating maven-archetype-quickstart] INFO  o.e.m.c.i.e.AbstractTransferListenerAdapter - Downloaded https://repo.maven.apache.org/maven2/org/codehaus/plexus/plexus-utils/4.0.0/plexus-utils-4.0.0.pom
2026-03-13 22:50:46,096 [Worker-9: Creating maven-archetype-quickstart] INFO  o.e.m.c.i.e.AbstractTransferListenerAdapter - Downloading https://repo.maven.apache.org/maven2/org/codehaus/plexus/plexus/13/plexus-13.pom
2026-03-13 22:50:46,105 [Worker-9: Creating maven-archetype-quickstart] INFO  o.e.m.c.i.e.AbstractTransferListenerAdapter - Downloaded https://repo.maven.apache.org/maven2/org/codehaus/plexus/plexus/13/plexus-13.pom
2026-03-13 22:50:46,151 [Worker-9: Creating maven-archetype-quickstart] INFO  o.e.m.c.i.e.AbstractTransferListenerAdapter - Downloading https://repo.maven.apache.org/maven2/org/junit/junit-bom/5.9.3/junit-bom-5.9.3.pom
2026-03-13 22:50:46,158 [Worker-9: Creating maven-archetype-quickstart] INFO  o.e.m.c.i.e.AbstractTransferListenerAdapter - Downloaded https://repo.maven.apache.org/maven2/org/junit/junit-bom/5.9.3/junit-bom-5.9.3.pom
2026-03-13 22:50:46,207 [Worker-9: Creating maven-archetype-quickstart] INFO  o.e.m.c.i.e.AbstractTransferListenerAdapter - Downloading https://repo.maven.apache.org/maven2/org/codehaus/plexus/plexus-compiler-manager/2.15.0/plexus-compiler-manager-2.15.0.pom
2026-03-13 22:50:46,209 [Worker-9: Creating maven-archetype-quickstart] INFO  o.e.m.c.i.e.AbstractTransferListenerAdapter - Downloaded https://repo.maven.apache.org/maven2/org/codehaus/plexus/plexus-compiler-manager/2.15.0/plexus-compiler-manager-2.15.0.pom
2026-03-13 22:50:46,261 [Worker-9: Creating maven-archetype-quickstart] INFO  o.e.m.c.i.e.AbstractTransferListenerAdapter - Downloading https://repo.maven.apache.org/maven2/org/codehaus/plexus/plexus-xml/3.0.0/plexus-xml-3.0.0.pom
2026-03-13 22:50:46,263 [Worker-9: Creating maven-archetype-quickstart] INFO  o.e.m.c.i.e.AbstractTransferListenerAdapter - Downloaded https://repo.maven.apache.org/maven2/org/codehaus/plexus/plexus-xml/3.0.0/plexus-xml-3.0.0.pom
2026-03-13 22:50:46,311 [Worker-9: Creating maven-archetype-quickstart] INFO  o.e.m.c.i.e.AbstractTransferListenerAdapter - Downloading https://repo.maven.apache.org/maven2/org/codehaus/plexus/plexus-compiler-javac/2.15.0/plexus-compiler-javac-2.15.0.pom
2026-03-13 22:50:46,312 [Worker-9: Creating maven-archetype-quickstart] INFO  o.e.m.c.i.e.AbstractTransferListenerAdapter - Downloaded https://repo.maven.apache.org/maven2/org/codehaus/plexus/plexus-compiler-javac/2.15.0/plexus-compiler-javac-2.15.0.pom
2026-03-13 22:50:46,355 [Worker-9: Creating maven-archetype-quickstart] INFO  o.e.m.c.i.e.AbstractTransferListenerAdapter - Downloading https://repo.maven.apache.org/maven2/org/codehaus/plexus/plexus-compilers/2.15.0/plexus-compilers-2.15.0.pom
2026-03-13 22:50:46,356 [Worker-9: Creating maven-archetype-quickstart] INFO  o.e.m.c.i.e.AbstractTransferListenerAdapter - Downloaded https://repo.maven.apache.org/maven2/org/codehaus/plexus/plexus-compilers/2.15.0/plexus-compilers-2.15.0.pom
2026-03-13 22:50:46,404 [Worker-9: Creating maven-archetype-quickstart] INFO  o.e.m.c.i.e.AbstractTransferListenerAdapter - Downloading https://repo.maven.apache.org/maven2/commons-io/commons-io/2.11.0/commons-io-2.11.0.jar
2026-03-13 22:50:46,452 [Worker-9: Creating maven-archetype-quickstart] INFO  o.e.m.c.i.e.AbstractTransferListenerAdapter - Downloaded https://repo.maven.apache.org/maven2/commons-io/commons-io/2.11.0/commons-io-2.11.0.jar
2026-03-13 22:50:46,486 [BasicRepositoryConnector-repo.maven.apache.org-0-4] INFO  o.e.m.c.i.e.AbstractTransferListenerAdapter - Downloading https://repo.maven.apache.org/maven2/org/codehaus/plexus/plexus-compiler-api/2.15.0/plexus-compiler-api-2.15.0.jar
2026-03-13 22:50:46,494 [BasicRepositoryConnector-repo.maven.apache.org-0-4] INFO  o.e.m.c.i.e.AbstractTransferListenerAdapter - Downloaded https://repo.maven.apache.org/maven2/org/codehaus/plexus/plexus-compiler-api/2.15.0/plexus-compiler-api-2.15.0.jar
2026-03-13 22:50:46,528 [BasicRepositoryConnector-repo.maven.apache.org-0-4] INFO  o.e.m.c.i.e.AbstractTransferListenerAdapter - Downloading https://repo.maven.apache.org/maven2/org/codehaus/plexus/plexus-compiler-manager/2.15.0/plexus-compiler-manager-2.15.0.jar
2026-03-13 22:50:46,529 [BasicRepositoryConnector-repo.maven.apache.org-0-4] INFO  o.e.m.c.i.e.AbstractTransferListenerAdapter - Downloaded https://repo.maven.apache.org/maven2/org/codehaus/plexus/plexus-compiler-manager/2.15.0/plexus-compiler-manager-2.15.0.jar
2026-03-13 22:50:46,632 [BasicRepositoryConnector-repo.maven.apache.org-0-1] INFO  o.e.m.c.i.e.AbstractTransferListenerAdapter - Downloading https://repo.maven.apache.org/maven2/org/codehaus/plexus/plexus-java/1.2.0/plexus-java-1.2.0.jar
2026-03-13 22:50:46,632 [BasicRepositoryConnector-repo.maven.apache.org-0-3] INFO  o.e.m.c.i.e.AbstractTransferListenerAdapter - Downloading https://repo.maven.apache.org/maven2/com/thoughtworks/qdox/qdox/2.0.3/qdox-2.0.3.jar
2026-03-13 22:50:46,632 [BasicRepositoryConnector-repo.maven.apache.org-0-0] INFO  o.e.m.c.i.e.AbstractTransferListenerAdapter - Downloading https://repo.maven.apache.org/maven2/org/apache/maven/shared/maven-shared-incremental/1.1/maven-shared-incremental-1.1.jar
2026-03-13 22:50:46,636 [BasicRepositoryConnector-repo.maven.apache.org-0-0] INFO  o.e.m.c.i.e.AbstractTransferListenerAdapter - Downloaded https://repo.maven.apache.org/maven2/org/apache/maven/shared/maven-shared-incremental/1.1/maven-shared-incremental-1.1.jar
2026-03-13 22:50:46,647 [BasicRepositoryConnector-repo.maven.apache.org-0-4] INFO  o.e.m.c.i.e.AbstractTransferListenerAdapter - Downloading https://repo.maven.apache.org/maven2/org/codehaus/plexus/plexus-xml/3.0.0/plexus-xml-3.0.0.jar
2026-03-13 22:50:46,654 [BasicRepositoryConnector-repo.maven.apache.org-0-4] INFO  o.e.m.c.i.e.AbstractTransferListenerAdapter - Downloaded https://repo.maven.apache.org/maven2/org/codehaus/plexus/plexus-xml/3.0.0/plexus-xml-3.0.0.jar
2026-03-13 22:50:46,669 [BasicRepositoryConnector-repo.maven.apache.org-0-0] INFO  o.e.m.c.i.e.AbstractTransferListenerAdapter - Downloading https://repo.maven.apache.org/maven2/org/codehaus/plexus/plexus-compiler-javac/2.15.0/plexus-compiler-javac-2.15.0.jar
2026-03-13 22:50:46,679 [BasicRepositoryConnector-repo.maven.apache.org-0-0] INFO  o.e.m.c.i.e.AbstractTransferListenerAdapter - Downloaded https://repo.maven.apache.org/maven2/org/codehaus/plexus/plexus-compiler-javac/2.15.0/plexus-compiler-javac-2.15.0.jar
2026-03-13 22:50:46,680 [BasicRepositoryConnector-repo.maven.apache.org-0-3] INFO  o.e.m.c.i.e.AbstractTransferListenerAdapter - Downloaded https://repo.maven.apache.org/maven2/com/thoughtworks/qdox/qdox/2.0.3/qdox-2.0.3.jar
2026-03-13 22:50:46,682 [BasicRepositoryConnector-repo.maven.apache.org-0-4] INFO  o.e.m.c.i.e.AbstractTransferListenerAdapter - Downloading https://repo.maven.apache.org/maven2/org/codehaus/plexus/plexus-utils/4.0.0/plexus-utils-4.0.0.jar
2026-03-13 22:50:46,715 [BasicRepositoryConnector-repo.maven.apache.org-0-4] INFO  o.e.m.c.i.e.AbstractTransferListenerAdapter - Downloaded https://repo.maven.apache.org/maven2/org/codehaus/plexus/plexus-utils/4.0.0/plexus-utils-4.0.0.jar
2026-03-13 22:50:46,824 [BasicRepositoryConnector-repo.maven.apache.org-0-2] INFO  o.e.m.c.i.e.AbstractTransferListenerAdapter - Downloading https://repo.maven.apache.org/maven2/org/ow2/asm/asm/9.6/asm-9.6.jar
2026-03-13 22:50:46,849 [BasicRepositoryConnector-repo.maven.apache.org-0-1] INFO  o.e.m.c.i.e.AbstractTransferListenerAdapter - Downloaded https://repo.maven.apache.org/maven2/org/codehaus/plexus/plexus-java/1.2.0/plexus-java-1.2.0.jar
2026-03-13 22:50:46,875 [BasicRepositoryConnector-repo.maven.apache.org-0-2] INFO  o.e.m.c.i.e.AbstractTransferListenerAdapter - Downloaded https://repo.maven.apache.org/maven2/org/ow2/asm/asm/9.6/asm-9.6.jar
2026-03-13 22:50:47,020 [Worker-9: Creating maven-archetype-quickstart] INFO  o.e.m.c.i.l.LifecycleMappingFactory - Using org.eclipse.m2e.jdt.JarLifecycleMapping lifecycle mapping for MavenProject: com.klef.fsad.exam:skill:0.0.1-SNAPSHOT @ /Users/kondurujaswanth/Desktop/skill/skill/pom.xml.
2026-03-13 22:50:47,144 [Worker-9: Creating maven-archetype-quickstart] INFO  o.e.m.c.i.e.AbstractTransferListenerAdapter - Downloading https://repo.maven.apache.org/maven2/org/junit/jupiter/junit-jupiter-api/5.11.0/junit-jupiter-api-5.11.0.pom
2026-03-13 22:50:47,148 [Worker-9: Creating maven-archetype-quickstart] INFO  o.e.m.c.i.e.AbstractTransferListenerAdapter - Downloaded https://repo.maven.apache.org/maven2/org/junit/jupiter/junit-jupiter-api/5.11.0/junit-jupiter-api-5.11.0.pom
2026-03-13 22:50:47,208 [Worker-9: Creating maven-archetype-quickstart] INFO  o.e.m.c.i.e.AbstractTransferListenerAdapter - Downloading https://repo.maven.apache.org/maven2/org/opentest4j/opentest4j/1.3.0/opentest4j-1.3.0.pom
2026-03-13 22:50:47,211 [Worker-9: Creating maven-archetype-quickstart] INFO  o.e.m.c.i.e.AbstractTransferListenerAdapter - Downloaded https://repo.maven.apache.org/maven2/org/opentest4j/opentest4j/1.3.0/opentest4j-1.3.0.pom
2026-03-13 22:50:47,351 [Worker-9: Creating maven-archetype-quickstart] INFO  o.e.m.c.i.e.AbstractTransferListenerAdapter - Downloading https://repo.maven.apache.org/maven2/org/junit/platform/junit-platform-commons/1.11.0/junit-platform-commons-1.11.0.pom
2026-03-13 22:50:47,355 [Worker-9: Creating maven-archetype-quickstart] INFO  o.e.m.c.i.e.AbstractTransferListenerAdapter - Downloaded https://repo.maven.apache.org/maven2/org/junit/platform/junit-platform-commons/1.11.0/junit-platform-commons-1.11.0.pom
2026-03-13 22:50:47,406 [Worker-9: Creating maven-archetype-quickstart] INFO  o.e.m.c.i.e.AbstractTransferListenerAdapter - Downloading https://repo.maven.apache.org/maven2/org/apiguardian/apiguardian-api/1.1.2/apiguardian-api-1.1.2.pom
2026-03-13 22:50:47,420 [Worker-9: Creating maven-archetype-quickstart] INFO  o.e.m.c.i.e.AbstractTransferListenerAdapter - Downloaded https://repo.maven.apache.org/maven2/org/apiguardian/apiguardian-api/1.1.2/apiguardian-api-1.1.2.pom
2026-03-13 22:50:47,556 [Worker-9: Creating maven-archetype-quickstart] INFO  o.e.m.c.i.e.AbstractTransferListenerAdapter - Downloading https://repo.maven.apache.org/maven2/org/junit/jupiter/junit-jupiter-params/5.11.0/junit-jupiter-params-5.11.0.pom
2026-03-13 22:50:47,563 [Worker-9: Creating maven-archetype-quickstart] INFO  o.e.m.c.i.e.AbstractTransferListenerAdapter - Downloaded https://repo.maven.apache.org/maven2/org/junit/jupiter/junit-jupiter-params/5.11.0/junit-jupiter-params-5.11.0.pom
2026-03-13 22:50:47,739 [Worker-9: Creating maven-archetype-quickstart] INFO  o.e.m.c.i.e.AbstractTransferListenerAdapter - Downloading https://repo.maven.apache.org/maven2/org/junit/jupiter/junit-jupiter-api/5.11.0/junit-jupiter-api-5.11.0.jar
2026-03-13 22:50:47,758 [Worker-9: Creating maven-archetype-quickstart] INFO  o.e.m.c.i.e.AbstractTransferListenerAdapter - Downloaded https://repo.maven.apache.org/maven2/org/junit/jupiter/junit-jupiter-api/5.11.0/junit-jupiter-api-5.11.0.jar
2026-03-13 22:50:47,790 [BasicRepositoryConnector-repo.maven.apache.org-1-2] INFO  o.e.m.c.i.e.AbstractTransferListenerAdapter - Downloading https://repo.maven.apache.org/maven2/org/apiguardian/apiguardian-api/1.1.2/apiguardian-api-1.1.2.jar
2026-03-13 22:50:47,790 [BasicRepositoryConnector-repo.maven.apache.org-1-0] INFO  o.e.m.c.i.e.AbstractTransferListenerAdapter - Downloading https://repo.maven.apache.org/maven2/org/opentest4j/opentest4j/1.3.0/opentest4j-1.3.0.jar
2026-03-13 22:50:47,792 [BasicRepositoryConnector-repo.maven.apache.org-1-2] INFO  o.e.m.c.i.e.AbstractTransferListenerAdapter - Downloaded https://repo.maven.apache.org/maven2/org/apiguardian/apiguardian-api/1.1.2/apiguardian-api-1.1.2.jar
2026-03-13 22:50:47,800 [BasicRepositoryConnector-repo.maven.apache.org-1-0] INFO  o.e.m.c.i.e.AbstractTransferListenerAdapter - Downloaded https://repo.maven.apache.org/maven2/org/opentest4j/opentest4j/1.3.0/opentest4j-1.3.0.jar
2026-03-13 22:50:47,926 [BasicRepositoryConnector-repo.maven.apache.org-1-1] INFO  o.e.m.c.i.e.AbstractTransferListenerAdapter - Downloading https://repo.maven.apache.org/maven2/org/junit/platform/junit-platform-commons/1.11.0/junit-platform-commons-1.11.0.jar
2026-03-13 22:50:47,944 [BasicRepositoryConnector-repo.maven.apache.org-1-3] INFO  o.e.m.c.i.e.AbstractTransferListenerAdapter - Downloading https://repo.maven.apache.org/maven2/org/junit/jupiter/junit-jupiter-params/5.11.0/junit-jupiter-params-5.11.0.jar
2026-03-13 22:50:47,945 [BasicRepositoryConnector-repo.maven.apache.org-1-1] INFO  o.e.m.c.i.e.AbstractTransferListenerAdapter - Downloaded https://repo.maven.apache.org/maven2/org/junit/platform/junit-platform-commons/1.11.0/junit-platform-commons-1.11.0.jar
2026-03-13 22:50:48,017 [BasicRepositoryConnector-repo.maven.apache.org-1-3] INFO  o.e.m.c.i.e.AbstractTransferListenerAdapter - Downloaded https://repo.maven.apache.org/maven2/org/junit/jupiter/junit-jupiter-params/5.11.0/junit-jupiter-params-5.11.0.jar
2026-03-13 22:50:48,191 [Worker-9: Creating maven-archetype-quickstart] INFO  o.e.m.c.i.e.AbstractTransferListenerAdapter - Downloading https://repo.maven.apache.org/maven2/org/apache/maven/plugins/maven-resources-plugin/3.3.1/maven-resources-plugin-3.3.1.pom
2026-03-13 22:50:48,193 [Worker-9: Creating maven-archetype-quickstart] INFO  o.e.m.c.i.e.AbstractTransferListenerAdapter - Downloaded https://repo.maven.apache.org/maven2/org/apache/maven/plugins/maven-resources-plugin/3.3.1/maven-resources-plugin-3.3.1.pom
2026-03-13 22:50:48,230 [Worker-9: Creating maven-archetype-quickstart] INFO  o.e.m.c.i.e.AbstractTransferListenerAdapter - Downloading https://repo.maven.apache.org/maven2/org/apache/maven/plugins/maven-plugins/39/maven-plugins-39.pom
2026-03-13 22:50:48,231 [Worker-9: Creating maven-archetype-quickstart] INFO  o.e.m.c.i.e.AbstractTransferListenerAdapter - Downloaded https://repo.maven.apache.org/maven2/org/apache/maven/plugins/maven-plugins/39/maven-plugins-39.pom
2026-03-13 22:50:48,359 [Worker-9: Creating maven-archetype-quickstart] INFO  o.e.m.c.i.e.AbstractTransferListenerAdapter - Downloading https://repo.maven.apache.org/maven2/org/apache/maven/plugins/maven-surefire-plugin/3.3.0/maven-surefire-plugin-3.3.0.pom
2026-03-13 22:50:48,361 [Worker-9: Creating maven-archetype-quickstart] INFO  o.e.m.c.i.e.AbstractTransferListenerAdapter - Downloaded https://repo.maven.apache.org/maven2/org/apache/maven/plugins/maven-surefire-plugin/3.3.0/maven-surefire-plugin-3.3.0.pom
2026-03-13 22:50:48,452 [Worker-9: Creating maven-archetype-quickstart] INFO  o.e.m.c.i.e.AbstractTransferListenerAdapter - Downloading https://repo.maven.apache.org/maven2/org/apache/maven/surefire/surefire/3.3.0/surefire-3.3.0.pom
2026-03-13 22:50:48,454 [Worker-9: Creating maven-archetype-quickstart] INFO  o.e.m.c.i.e.AbstractTransferListenerAdapter - Downloaded https://repo.maven.apache.org/maven2/org/apache/maven/surefire/surefire/3.3.0/surefire-3.3.0.pom
2026-03-13 22:50:48,518 [Worker-9: Creating maven-archetype-quickstart] INFO  o.e.m.c.i.e.AbstractTransferListenerAdapter - Downloading https://repo.maven.apache.org/maven2/org/apache/maven/plugins/maven-jar-plugin/3.4.2/maven-jar-plugin-3.4.2.pom
2026-03-13 22:50:48,520 [Worker-9: Creating maven-archetype-quickstart] INFO  o.e.m.c.i.e.AbstractTransferListenerAdapter - Downloaded https://repo.maven.apache.org/maven2/org/apache/maven/plugins/maven-jar-plugin/3.4.2/maven-jar-plugin-3.4.2.pom
2026-03-13 22:50:48,587 [Worker-9: Creating maven-archetype-quickstart] INFO  o.e.m.c.i.e.AbstractTransferListenerAdapter - Downloading https://repo.maven.apache.org/maven2/org/apache/maven/shared/file-management/3.1.0/file-management-3.1.0.pom
2026-03-13 22:50:48,588 [Worker-9: Creating maven-archetype-quickstart] INFO  o.e.m.c.i.e.AbstractTransferListenerAdapter - Downloaded https://repo.maven.apache.org/maven2/org/apache/maven/shared/file-management/3.1.0/file-management-3.1.0.pom
2026-03-13 22:50:48,623 [Worker-9: Creating maven-archetype-quickstart] INFO  o.e.m.c.i.e.AbstractTransferListenerAdapter - Downloading https://repo.maven.apache.org/maven2/org/apache/maven/shared/maven-shared-components/36/maven-shared-components-36.pom
2026-03-13 22:50:48,624 [Worker-9: Creating maven-archetype-quickstart] INFO  o.e.m.c.i.e.AbstractTransferListenerAdapter - Downloaded https://repo.maven.apache.org/maven2/org/apache/maven/shared/maven-shared-components/36/maven-shared-components-36.pom
2026-03-13 22:50:48,746 [Worker-9: Creating maven-archetype-quickstart] INFO  o.e.m.c.i.e.AbstractTransferListenerAdapter - Downloading https://repo.maven.apache.org/maven2/org/codehaus/plexus/plexus-utils/4.0.1/plexus-utils-4.0.1.pom
2026-03-13 22:50:48,749 [Worker-9: Creating maven-archetype-quickstart] INFO  o.e.m.c.i.e.AbstractTransferListenerAdapter - Downloaded https://repo.maven.apache.org/maven2/org/codehaus/plexus/plexus-utils/4.0.1/plexus-utils-4.0.1.pom
2026-03-13 22:50:48,792 [Worker-9: Creating maven-archetype-quickstart] INFO  o.e.m.c.i.e.AbstractTransferListenerAdapter - Downloading https://repo.maven.apache.org/maven2/commons-io/commons-io/2.16.1/commons-io-2.16.1.pom
2026-03-13 22:50:48,793 [Worker-9: Creating maven-archetype-quickstart] INFO  o.e.m.c.i.e.AbstractTransferListenerAdapter - Downloaded https://repo.maven.apache.org/maven2/commons-io/commons-io/2.16.1/commons-io-2.16.1.pom
2026-03-13 22:50:48,845 [Worker-9: Creating maven-archetype-quickstart] INFO  o.e.m.c.i.e.AbstractTransferListenerAdapter - Downloading https://repo.maven.apache.org/maven2/org/apache/maven/maven-archiver/3.6.2/maven-archiver-3.6.2.pom
2026-03-13 22:50:48,847 [Worker-9: Creating maven-archetype-quickstart] INFO  o.e.m.c.i.e.AbstractTransferListenerAdapter - Downloaded https://repo.maven.apache.org/maven2/org/apache/maven/maven-archiver/3.6.2/maven-archiver-3.6.2.pom
2026-03-13 22:50:48,884 [Worker-9: Creating maven-archetype-quickstart] INFO  o.e.m.c.i.e.AbstractTransferListenerAdapter - Downloading https://repo.maven.apache.org/maven2/org/codehaus/plexus/plexus-archiver/4.9.2/plexus-archiver-4.9.2.pom
2026-03-13 22:50:48,886 [Worker-9: Creating maven-archetype-quickstart] INFO  o.e.m.c.i.e.AbstractTransferListenerAdapter - Downloaded https://repo.maven.apache.org/maven2/org/codehaus/plexus/plexus-archiver/4.9.2/plexus-archiver-4.9.2.pom
2026-03-13 22:50:48,924 [Worker-9: Creating maven-archetype-quickstart] INFO  o.e.m.c.i.e.AbstractTransferListenerAdapter - Downloading https://repo.maven.apache.org/maven2/org/codehaus/plexus/plexus-io/3.4.2/plexus-io-3.4.2.pom
2026-03-13 22:50:48,926 [Worker-9: Creating maven-archetype-quickstart] INFO  o.e.m.c.i.e.AbstractTransferListenerAdapter - Downloaded https://repo.maven.apache.org/maven2/org/codehaus/plexus/plexus-io/3.4.2/plexus-io-3.4.2.pom
2026-03-13 22:50:48,962 [Worker-9: Creating maven-archetype-quickstart] INFO  o.e.m.c.i.e.AbstractTransferListenerAdapter - Downloading https://repo.maven.apache.org/maven2/org/codehaus/plexus/plexus/16/plexus-16.pom
2026-03-13 22:50:48,972 [Worker-9: Creating maven-archetype-quickstart] INFO  o.e.m.c.i.e.AbstractTransferListenerAdapter - Downloaded https://repo.maven.apache.org/maven2/org/codehaus/plexus/plexus/16/plexus-16.pom
2026-03-13 22:50:49,020 [Worker-9: Creating maven-archetype-quickstart] INFO  o.e.m.c.i.e.AbstractTransferListenerAdapter - Downloading https://repo.maven.apache.org/maven2/org/junit/junit-bom/5.10.1/junit-bom-5.10.1.pom
2026-03-13 22:50:49,022 [Worker-9: Creating maven-archetype-quickstart] INFO  o.e.m.c.i.e.AbstractTransferListenerAdapter - Downloaded https://repo.maven.apache.org/maven2/org/junit/junit-bom/5.10.1/junit-bom-5.10.1.pom
2026-03-13 22:50:49,062 [Worker-9: Creating maven-archetype-quickstart] INFO  o.e.m.c.i.e.AbstractTransferListenerAdapter - Downloading https://repo.maven.apache.org/maven2/org/apache/commons/commons-compress/1.26.1/commons-compress-1.26.1.pom
2026-03-13 22:50:49,070 [Worker-9: Creating maven-archetype-quickstart] INFO  o.e.m.c.i.e.AbstractTransferListenerAdapter - Downloaded https://repo.maven.apache.org/maven2/org/apache/commons/commons-compress/1.26.1/commons-compress-1.26.1.pom
2026-03-13 22:50:49,119 [Worker-9: Creating maven-archetype-quickstart] INFO  o.e.m.c.i.e.AbstractTransferListenerAdapter - Downloading https://repo.maven.apache.org/maven2/org/apache/commons/commons-parent/66/commons-parent-66.pom
2026-03-13 22:50:49,121 [Worker-9: Creating maven-archetype-quickstart] INFO  o.e.m.c.i.e.AbstractTransferListenerAdapter - Downloaded https://repo.maven.apache.org/maven2/org/apache/commons/commons-parent/66/commons-parent-66.pom
2026-03-13 22:50:49,242 [Worker-9: Creating maven-archetype-quickstart] INFO  o.e.m.c.i.e.AbstractTransferListenerAdapter - Downloading https://repo.maven.apache.org/maven2/commons-codec/commons-codec/1.16.1/commons-codec-1.16.1.pom
2026-03-13 22:50:49,251 [Worker-9: Creating maven-archetype-quickstart] INFO  o.e.m.c.i.e.AbstractTransferListenerAdapter - Downloaded https://repo.maven.apache.org/maven2/commons-codec/commons-codec/1.16.1/commons-codec-1.16.1.pom
2026-03-13 22:50:49,309 [Worker-9: Creating maven-archetype-quickstart] INFO  o.e.m.c.i.e.AbstractTransferListenerAdapter - Downloading https://repo.maven.apache.org/maven2/org/apache/commons/commons-lang3/3.14.0/commons-lang3-3.14.0.pom
2026-03-13 22:50:49,313 [Worker-9: Creating maven-archetype-quickstart] INFO  o.e.m.c.i.e.AbstractTransferListenerAdapter - Downloaded https://repo.maven.apache.org/maven2/org/apache/commons/commons-lang3/3.14.0/commons-lang3-3.14.0.pom
2026-03-13 22:50:49,353 [Worker-9: Creating maven-archetype-quickstart] INFO  o.e.m.c.i.e.AbstractTransferListenerAdapter - Downloading https://repo.maven.apache.org/maven2/org/apache/commons/commons-parent/64/commons-parent-64.pom
2026-03-13 22:50:49,357 [Worker-9: Creating maven-archetype-quickstart] INFO  o.e.m.c.i.e.AbstractTransferListenerAdapter - Downloaded https://repo.maven.apache.org/maven2/org/apache/commons/commons-parent/64/commons-parent-64.pom
2026-03-13 22:50:49,397 [Worker-9: Creating maven-archetype-quickstart] INFO  o.e.m.c.i.e.AbstractTransferListenerAdapter - Downloading https://repo.maven.apache.org/maven2/org/apache/apache/30/apache-30.pom
2026-03-13 22:50:49,406 [Worker-9: Creating maven-archetype-quickstart] INFO  o.e.m.c.i.e.AbstractTransferListenerAdapter - Downloaded https://repo.maven.apache.org/maven2/org/apache/apache/30/apache-30.pom
2026-03-13 22:50:49,454 [Worker-9: Creating maven-archetype-quickstart] INFO  o.e.m.c.i.e.AbstractTransferListenerAdapter - Downloading https://repo.maven.apache.org/maven2/org/iq80/snappy/snappy/0.4/snappy-0.4.pom
2026-03-13 22:50:49,456 [Worker-9: Creating maven-archetype-quickstart] INFO  o.e.m.c.i.e.AbstractTransferListenerAdapter - Downloaded https://repo.maven.apache.org/maven2/org/iq80/snappy/snappy/0.4/snappy-0.4.pom
2026-03-13 22:50:49,507 [Worker-9: Creating maven-archetype-quickstart] INFO  o.e.m.c.i.e.AbstractTransferListenerAdapter - Downloading https://repo.maven.apache.org/maven2/com/github/luben/zstd-jni/1.5.5-11/zstd-jni-1.5.5-11.pom
2026-03-13 22:50:49,510 [Worker-9: Creating maven-archetype-quickstart] INFO  o.e.m.c.i.e.AbstractTransferListenerAdapter - Downloaded https://repo.maven.apache.org/maven2/com/github/luben/zstd-jni/1.5.5-11/zstd-jni-1.5.5-11.pom
2026-03-13 22:50:49,554 [Worker-9: Creating maven-archetype-quickstart] INFO  o.e.m.c.i.e.AbstractTransferListenerAdapter - Downloading https://repo.maven.apache.org/maven2/org/codehaus/plexus/plexus-interpolation/1.27/plexus-interpolation-1.27.pom
2026-03-13 22:50:49,556 [Worker-9: Creating maven-archetype-quickstart] INFO  o.e.m.c.i.e.AbstractTransferListenerAdapter - Downloaded https://repo.maven.apache.org/maven2/org/codehaus/plexus/plexus-interpolation/1.27/plexus-interpolation-1.27.pom
2026-03-13 22:50:49,603 [Worker-9: Creating maven-archetype-quickstart] INFO  o.e.m.c.i.e.AbstractTransferListenerAdapter - Downloading https://repo.maven.apache.org/maven2/org/apache/maven/shared/file-management/3.1.0/file-management-3.1.0.jar
2026-03-13 22:50:49,605 [Worker-9: Creating maven-archetype-quickstart] INFO  o.e.m.c.i.e.AbstractTransferListenerAdapter - Downloaded https://repo.maven.apache.org/maven2/org/apache/maven/shared/file-management/3.1.0/file-management-3.1.0.jar
2026-03-13 22:50:49,639 [BasicRepositoryConnector-repo.maven.apache.org-2-0] INFO  o.e.m.c.i.e.AbstractTransferListenerAdapter - Downloading https://repo.maven.apache.org/maven2/org/codehaus/plexus/plexus-utils/4.0.1/plexus-utils-4.0.1.jar
2026-03-13 22:50:49,644 [BasicRepositoryConnector-repo.maven.apache.org-2-3] INFO  o.e.m.c.i.e.AbstractTransferListenerAdapter - Downloading https://repo.maven.apache.org/maven2/org/codehaus/plexus/plexus-interpolation/1.27/plexus-interpolation-1.27.jar
2026-03-13 22:50:49,646 [BasicRepositoryConnector-repo.maven.apache.org-2-1] INFO  o.e.m.c.i.e.AbstractTransferListenerAdapter - Downloading https://repo.maven.apache.org/maven2/commons-io/commons-io/2.16.1/commons-io-2.16.1.jar
2026-03-13 22:50:49,652 [BasicRepositoryConnector-repo.maven.apache.org-2-2] INFO  o.e.m.c.i.e.AbstractTransferListenerAdapter - Downloading https://repo.maven.apache.org/maven2/org/apache/maven/maven-archiver/3.6.2/maven-archiver-3.6.2.jar
2026-03-13 22:50:49,658 [BasicRepositoryConnector-repo.maven.apache.org-2-4] INFO  o.e.m.c.i.e.AbstractTransferListenerAdapter - Downloading https://repo.maven.apache.org/maven2/org/codehaus/plexus/plexus-archiver/4.9.2/plexus-archiver-4.9.2.jar
2026-03-13 22:50:49,669 [BasicRepositoryConnector-repo.maven.apache.org-2-2] INFO  o.e.m.c.i.e.AbstractTransferListenerAdapter - Downloaded https://repo.maven.apache.org/maven2/org/apache/maven/maven-archiver/3.6.2/maven-archiver-3.6.2.jar
2026-03-13 22:50:49,767 [BasicRepositoryConnector-repo.maven.apache.org-2-0] INFO  o.e.m.c.i.e.AbstractTransferListenerAdapter - Downloaded https://repo.maven.apache.org/maven2/org/codehaus/plexus/plexus-utils/4.0.1/plexus-utils-4.0.1.jar
2026-03-13 22:50:49,767 [BasicRepositoryConnector-repo.maven.apache.org-2-3] INFO  o.e.m.c.i.e.AbstractTransferListenerAdapter - Downloaded https://repo.maven.apache.org/maven2/org/codehaus/plexus/plexus-interpolation/1.27/plexus-interpolation-1.27.jar
2026-03-13 22:50:49,787 [BasicRepositoryConnector-repo.maven.apache.org-2-2] INFO  o.e.m.c.i.e.AbstractTransferListenerAdapter - Downloading https://repo.maven.apache.org/maven2/org/codehaus/plexus/plexus-io/3.4.2/plexus-io-3.4.2.jar
2026-03-13 22:50:49,795 [BasicRepositoryConnector-repo.maven.apache.org-2-3] INFO  o.e.m.c.i.e.AbstractTransferListenerAdapter - Downloading https://repo.maven.apache.org/maven2/org/apache/commons/commons-lang3/3.14.0/commons-lang3-3.14.0.jar
2026-03-13 22:50:49,796 [BasicRepositoryConnector-repo.maven.apache.org-2-0] INFO  o.e.m.c.i.e.AbstractTransferListenerAdapter - Downloading https://repo.maven.apache.org/maven2/org/apache/commons/commons-compress/1.26.1/commons-compress-1.26.1.jar
2026-03-13 22:50:49,993 [BasicRepositoryConnector-repo.maven.apache.org-2-3] INFO  o.e.m.c.i.e.AbstractTransferListenerAdapter - Downloaded https://repo.maven.apache.org/maven2/org/apache/commons/commons-lang3/3.14.0/commons-lang3-3.14.0.jar
2026-03-13 22:50:50,005 [BasicRepositoryConnector-repo.maven.apache.org-2-2] INFO  o.e.m.c.i.e.AbstractTransferListenerAdapter - Downloaded https://repo.maven.apache.org/maven2/org/codehaus/plexus/plexus-io/3.4.2/plexus-io-3.4.2.jar
2026-03-13 22:50:50,073 [BasicRepositoryConnector-repo.maven.apache.org-2-0] INFO  o.e.m.c.i.e.AbstractTransferListenerAdapter - Downloaded https://repo.maven.apache.org/maven2/org/apache/commons/commons-compress/1.26.1/commons-compress-1.26.1.jar
2026-03-13 22:50:50,075 [BasicRepositoryConnector-repo.maven.apache.org-2-3] INFO  o.e.m.c.i.e.AbstractTransferListenerAdapter - Downloading https://repo.maven.apache.org/maven2/commons-codec/commons-codec/1.16.1/commons-codec-1.16.1.jar
2026-03-13 22:50:50,134 [BasicRepositoryConnector-repo.maven.apache.org-2-2] INFO  o.e.m.c.i.e.AbstractTransferListenerAdapter - Downloading https://repo.maven.apache.org/maven2/org/iq80/snappy/snappy/0.4/snappy-0.4.jar
2026-03-13 22:50:50,134 [BasicRepositoryConnector-repo.maven.apache.org-2-3] INFO  o.e.m.c.i.e.AbstractTransferListenerAdapter - Downloaded https://repo.maven.apache.org/maven2/commons-codec/commons-codec/1.16.1/commons-codec-1.16.1.jar
2026-03-13 22:50:50,144 [BasicRepositoryConnector-repo.maven.apache.org-2-2] INFO  o.e.m.c.i.e.AbstractTransferListenerAdapter - Downloaded https://repo.maven.apache.org/maven2/org/iq80/snappy/snappy/0.4/snappy-0.4.jar
2026-03-13 22:50:50,145 [BasicRepositoryConnector-repo.maven.apache.org-2-1] INFO  o.e.m.c.i.e.AbstractTransferListenerAdapter - Downloaded https://repo.maven.apache.org/maven2/commons-io/commons-io/2.16.1/commons-io-2.16.1.jar
2026-03-13 22:50:50,146 [BasicRepositoryConnector-repo.maven.apache.org-2-0] INFO  o.e.m.c.i.e.AbstractTransferListenerAdapter - Downloading https://repo.maven.apache.org/maven2/org/tukaani/xz/1.9/xz-1.9.jar
2026-03-13 22:50:50,160 [BasicRepositoryConnector-repo.maven.apache.org-2-0] INFO  o.e.m.c.i.e.AbstractTransferListenerAdapter - Downloaded https://repo.maven.apache.org/maven2/org/tukaani/xz/1.9/xz-1.9.jar
2026-03-13 22:50:50,165 [BasicRepositoryConnector-repo.maven.apache.org-2-3] INFO  o.e.m.c.i.e.AbstractTransferListenerAdapter - Downloading https://repo.maven.apache.org/maven2/com/github/luben/zstd-jni/1.5.5-11/zstd-jni-1.5.5-11.jar
2026-03-13 22:50:50,329 [BasicRepositoryConnector-repo.maven.apache.org-2-4] INFO  o.e.m.c.i.e.AbstractTransferListenerAdapter - Downloaded https://repo.maven.apache.org/maven2/org/codehaus/plexus/plexus-archiver/4.9.2/plexus-archiver-4.9.2.jar
2026-03-13 22:50:51,250 [BasicRepositoryConnector-repo.maven.apache.org-2-3] INFO  o.e.m.c.i.e.AbstractTransferListenerAdapter - Downloaded https://repo.maven.apache.org/maven2/com/github/luben/zstd-jni/1.5.5-11/zstd-jni-1.5.5-11.jar
2026-03-13 22:50:51,559 [Worker-9: Creating maven-archetype-quickstart] INFO  o.e.m.c.i.e.AbstractTransferListenerAdapter - Downloading https://repo.maven.apache.org/maven2/org/codehaus/plexus/plexus-interpolation/1.26/plexus-interpolation-1.26.pom
2026-03-13 22:50:51,560 [Worker-9: Creating maven-archetype-quickstart] INFO  o.e.m.c.i.e.AbstractTransferListenerAdapter - Downloaded https://repo.maven.apache.org/maven2/org/codehaus/plexus/plexus-interpolation/1.26/plexus-interpolation-1.26.pom
2026-03-13 22:50:51,597 [Worker-9: Creating maven-archetype-quickstart] INFO  o.e.m.c.i.e.AbstractTransferListenerAdapter - Downloading https://repo.maven.apache.org/maven2/org/codehaus/plexus/plexus/5.1/plexus-5.1.pom
2026-03-13 22:50:51,601 [Worker-9: Creating maven-archetype-quickstart] INFO  o.e.m.c.i.e.AbstractTransferListenerAdapter - Downloaded https://repo.maven.apache.org/maven2/org/codehaus/plexus/plexus/5.1/plexus-5.1.pom
2026-03-13 22:50:51,644 [Worker-9: Creating maven-archetype-quickstart] INFO  o.e.m.c.i.e.AbstractTransferListenerAdapter - Downloading https://repo.maven.apache.org/maven2/org/codehaus/plexus/plexus-utils/3.5.1/plexus-utils-3.5.1.pom
2026-03-13 22:50:51,645 [Worker-9: Creating maven-archetype-quickstart] INFO  o.e.m.c.i.e.AbstractTransferListenerAdapter - Downloaded https://repo.maven.apache.org/maven2/org/codehaus/plexus/plexus-utils/3.5.1/plexus-utils-3.5.1.pom
2026-03-13 22:50:51,684 [Worker-9: Creating maven-archetype-quickstart] INFO  o.e.m.c.i.e.AbstractTransferListenerAdapter - Downloading https://repo.maven.apache.org/maven2/org/codehaus/plexus/plexus/10/plexus-10.pom
2026-03-13 22:50:51,686 [Worker-9: Creating maven-archetype-quickstart] INFO  o.e.m.c.i.e.AbstractTransferListenerAdapter - Downloaded https://repo.maven.apache.org/maven2/org/codehaus/plexus/plexus/10/plexus-10.pom
2026-03-13 22:50:51,728 [Worker-9: Creating maven-archetype-quickstart] INFO  o.e.m.c.i.e.AbstractTransferListenerAdapter - Downloading https://repo.maven.apache.org/maven2/org/apache/maven/shared/maven-filtering/3.3.1/maven-filtering-3.3.1.pom
2026-03-13 22:50:51,729 [Worker-9: Creating maven-archetype-quickstart] INFO  o.e.m.c.i.e.AbstractTransferListenerAdapter - Downloaded https://repo.maven.apache.org/maven2/org/apache/maven/shared/maven-filtering/3.3.1/maven-filtering-3.3.1.pom
2026-03-13 22:50:51,869 [Worker-9: Creating maven-archetype-quickstart] INFO  o.e.m.c.i.e.AbstractTransferListenerAdapter - Downloading https://repo.maven.apache.org/maven2/org/sonatype/plexus/plexus-build-api/0.0.7/plexus-build-api-0.0.7.pom
2026-03-13 22:50:51,872 [Worker-9: Creating maven-archetype-quickstart] INFO  o.e.m.c.i.e.AbstractTransferListenerAdapter - Downloaded https://repo.maven.apache.org/maven2/org/sonatype/plexus/plexus-build-api/0.0.7/plexus-build-api-0.0.7.pom
2026-03-13 22:50:51,933 [Worker-9: Creating maven-archetype-quickstart] INFO  o.e.m.c.i.e.AbstractTransferListenerAdapter - Downloading https://repo.maven.apache.org/maven2/org/sonatype/spice/spice-parent/15/spice-parent-15.pom
2026-03-13 22:50:51,935 [Worker-9: Creating maven-archetype-quickstart] INFO  o.e.m.c.i.e.AbstractTransferListenerAdapter - Downloaded https://repo.maven.apache.org/maven2/org/sonatype/spice/spice-parent/15/spice-parent-15.pom
2026-03-13 22:50:51,986 [Worker-9: Creating maven-archetype-quickstart] INFO  o.e.m.c.i.e.AbstractTransferListenerAdapter - Downloading https://repo.maven.apache.org/maven2/org/sonatype/forge/forge-parent/5/forge-parent-5.pom
2026-03-13 22:50:51,988 [Worker-9: Creating maven-archetype-quickstart] INFO  o.e.m.c.i.e.AbstractTransferListenerAdapter - Downloaded https://repo.maven.apache.org/maven2/org/sonatype/forge/forge-parent/5/forge-parent-5.pom
2026-03-13 22:50:52,032 [Worker-9: Creating maven-archetype-quickstart] INFO  o.e.m.c.i.e.AbstractTransferListenerAdapter - Downloading https://repo.maven.apache.org/maven2/org/codehaus/plexus/plexus-utils/3.5.0/plexus-utils-3.5.0.pom
2026-03-13 22:50:52,033 [Worker-9: Creating maven-archetype-quickstart] INFO  o.e.m.c.i.e.AbstractTransferListenerAdapter - Downloaded https://repo.maven.apache.org/maven2/org/codehaus/plexus/plexus-utils/3.5.0/plexus-utils-3.5.0.pom
2026-03-13 22:50:52,088 [Worker-9: Creating maven-archetype-quickstart] INFO  o.e.m.c.i.e.AbstractTransferListenerAdapter - Downloading https://repo.maven.apache.org/maven2/org/apache/commons/commons-lang3/3.12.0/commons-lang3-3.12.0.pom
2026-03-13 22:50:52,090 [Worker-9: Creating maven-archetype-quickstart] INFO  o.e.m.c.i.e.AbstractTransferListenerAdapter - Downloaded https://repo.maven.apache.org/maven2/org/apache/commons/commons-lang3/3.12.0/commons-lang3-3.12.0.pom
2026-03-13 22:50:52,151 [Worker-9: Creating maven-archetype-quickstart] INFO  o.e.m.c.i.e.AbstractTransferListenerAdapter - Downloading https://repo.maven.apache.org/maven2/org/junit/junit-bom/5.7.1/junit-bom-5.7.1.pom
2026-03-13 22:50:52,152 [Worker-9: Creating maven-archetype-quickstart] INFO  o.e.m.c.i.e.AbstractTransferListenerAdapter - Downloaded https://repo.maven.apache.org/maven2/org/junit/junit-bom/5.7.1/junit-bom-5.7.1.pom
2026-03-13 22:50:52,191 [Worker-9: Creating maven-archetype-quickstart] INFO  o.e.m.c.i.e.AbstractTransferListenerAdapter - Downloading https://repo.maven.apache.org/maven2/org/codehaus/plexus/plexus-interpolation/1.26/plexus-interpolation-1.26.jar
2026-03-13 22:50:52,205 [Worker-9: Creating maven-archetype-quickstart] INFO  o.e.m.c.i.e.AbstractTransferListenerAdapter - Downloaded https://repo.maven.apache.org/maven2/org/codehaus/plexus/plexus-interpolation/1.26/plexus-interpolation-1.26.jar
2026-03-13 22:50:52,238 [BasicRepositoryConnector-repo.maven.apache.org-3-2] INFO  o.e.m.c.i.e.AbstractTransferListenerAdapter - Downloading https://repo.maven.apache.org/maven2/org/sonatype/plexus/plexus-build-api/0.0.7/plexus-build-api-0.0.7.jar
2026-03-13 22:50:52,238 [BasicRepositoryConnector-repo.maven.apache.org-3-3] INFO  o.e.m.c.i.e.AbstractTransferListenerAdapter - Downloading https://repo.maven.apache.org/maven2/org/apache/commons/commons-lang3/3.12.0/commons-lang3-3.12.0.jar
2026-03-13 22:50:52,238 [BasicRepositoryConnector-repo.maven.apache.org-3-0] INFO  o.e.m.c.i.e.AbstractTransferListenerAdapter - Downloading https://repo.maven.apache.org/maven2/org/codehaus/plexus/plexus-utils/3.5.1/plexus-utils-3.5.1.jar
2026-03-13 22:50:52,239 [BasicRepositoryConnector-repo.maven.apache.org-3-2] INFO  o.e.m.c.i.e.AbstractTransferListenerAdapter - Downloaded https://repo.maven.apache.org/maven2/org/sonatype/plexus/plexus-build-api/0.0.7/plexus-build-api-0.0.7.jar
2026-03-13 22:50:52,241 [BasicRepositoryConnector-repo.maven.apache.org-3-1] INFO  o.e.m.c.i.e.AbstractTransferListenerAdapter - Downloading https://repo.maven.apache.org/maven2/org/apache/maven/shared/maven-filtering/3.3.1/maven-filtering-3.3.1.jar
2026-03-13 22:50:52,257 [BasicRepositoryConnector-repo.maven.apache.org-3-1] INFO  o.e.m.c.i.e.AbstractTransferListenerAdapter - Downloaded https://repo.maven.apache.org/maven2/org/apache/maven/shared/maven-filtering/3.3.1/maven-filtering-3.3.1.jar
2026-03-13 22:50:52,448 [BasicRepositoryConnector-repo.maven.apache.org-3-3] INFO  o.e.m.c.i.e.AbstractTransferListenerAdapter - Downloaded https://repo.maven.apache.org/maven2/org/apache/commons/commons-lang3/3.12.0/commons-lang3-3.12.0.jar
2026-03-13 22:50:52,608 [Worker-17: Download sources and javadoc] INFO  o.e.m.c.i.e.AbstractTransferListenerAdapter - Downloading https://repo.maven.apache.org/maven2/org/junit/jupiter/junit-jupiter-api/5.11.0/junit-jupiter-api-5.11.0-sources.jar
2026-03-13 22:50:52,631 [Worker-17: Download sources and javadoc] INFO  o.e.m.c.i.e.AbstractTransferListenerAdapter - Downloaded https://repo.maven.apache.org/maven2/org/junit/jupiter/junit-jupiter-api/5.11.0/junit-jupiter-api-5.11.0-sources.jar
2026-03-13 22:50:52,634 [Worker-17: Download sources and javadoc] INFO  o.e.m.j.internal.DownloadSourcesJob - Downloaded sources for org.junit.jupiter:junit-jupiter-api:5.11.0
2026-03-13 22:50:52,713 [Worker-17: Download sources and javadoc] INFO  o.e.m.c.i.e.AbstractTransferListenerAdapter - Downloading https://repo.maven.apache.org/maven2/org/opentest4j/opentest4j/1.3.0/opentest4j-1.3.0-sources.jar
2026-03-13 22:50:52,715 [Worker-17: Download sources and javadoc] INFO  o.e.m.c.i.e.AbstractTransferListenerAdapter - Downloaded https://repo.maven.apache.org/maven2/org/opentest4j/opentest4j/1.3.0/opentest4j-1.3.0-sources.jar
2026-03-13 22:50:52,717 [Worker-17: Download sources and javadoc] INFO  o.e.m.j.internal.DownloadSourcesJob - Downloaded sources for org.opentest4j:opentest4j:1.3.0
2026-03-13 22:50:52,727 [BasicRepositoryConnector-repo.maven.apache.org-3-0] INFO  o.e.m.c.i.e.AbstractTransferListenerAdapter - Downloaded https://repo.maven.apache.org/maven2/org/codehaus/plexus/plexus-utils/3.5.1/plexus-utils-3.5.1.jar
2026-03-13 22:50:52,793 [Worker-9: Creating maven-archetype-quickstart] INFO  o.e.m.j.i.AbstractJavaProjectConfigurator - Adding source folder /skill/src/main/java
2026-03-13 22:50:52,795 [Worker-9: Creating maven-archetype-quickstart] INFO  o.e.m.j.i.AbstractJavaProjectConfigurator - Adding resource folder /skill/src/main/resources
2026-03-13 22:50:52,797 [Worker-9: Creating maven-archetype-quickstart] INFO  o.e.m.j.i.AbstractJavaProjectConfigurator - Adding source folder /skill/src/test/java
2026-03-13 22:50:52,797 [Worker-9: Creating maven-archetype-quickstart] INFO  o.e.m.j.i.AbstractJavaProjectConfigurator - Adding resource folder /skill/src/test/resources
2026-03-13 22:50:52,934 [Worker-17: Download sources and javadoc] INFO  o.e.m.c.i.e.AbstractTransferListenerAdapter - Downloading https://repo.maven.apache.org/maven2/org/junit/platform/junit-platform-commons/1.11.0/junit-platform-commons-1.11.0-sources.jar
2026-03-13 22:50:52,975 [Worker-17: Download sources and javadoc] INFO  o.e.m.c.i.e.AbstractTransferListenerAdapter - Downloaded https://repo.maven.apache.org/maven2/org/junit/platform/junit-platform-commons/1.11.0/junit-platform-commons-1.11.0-sources.jar
2026-03-13 22:50:52,978 [Worker-17: Download sources and javadoc] INFO  o.e.m.j.internal.DownloadSourcesJob - Downloaded sources for org.junit.platform:junit-platform-commons:1.11.0
2026-03-13 22:50:53,082 [Worker-17: Download sources and javadoc] INFO  o.e.m.c.i.e.AbstractTransferListenerAdapter - Downloading https://repo.maven.apache.org/maven2/org/apiguardian/apiguardian-api/1.1.2/apiguardian-api-1.1.2-sources.jar
2026-03-13 22:50:53,091 [Worker-17: Download sources and javadoc] INFO  o.e.m.c.i.e.AbstractTransferListenerAdapter - Downloaded https://repo.maven.apache.org/maven2/org/apiguardian/apiguardian-api/1.1.2/apiguardian-api-1.1.2-sources.jar
2026-03-13 22:50:53,099 [Worker-17: Download sources and javadoc] INFO  o.e.m.j.internal.DownloadSourcesJob - Downloaded sources for org.apiguardian:apiguardian-api:1.1.2
2026-03-13 22:50:53,256 [Worker-17: Download sources and javadoc] INFO  o.e.m.c.i.e.AbstractTransferListenerAdapter - Downloading https://repo.maven.apache.org/maven2/org/junit/jupiter/junit-jupiter-params/5.11.0/junit-jupiter-params-5.11.0-sources.jar
2026-03-13 22:50:53,270 [Worker-17: Download sources and javadoc] INFO  o.e.m.c.i.e.AbstractTransferListenerAdapter - Downloaded https://repo.maven.apache.org/maven2/org/junit/jupiter/junit-jupiter-params/5.11.0/junit-jupiter-params-5.11.0-sources.jar
2026-03-13 22:50:53,272 [Worker-17: Download sources and javadoc] INFO  o.e.m.j.internal.DownloadSourcesJob - Downloaded sources for org.junit.jupiter:junit-jupiter-params:5.11.0
2026-03-13 22:50:53,614 [Worker-9: Creating maven-archetype-quickstart] WARN  o.apache.maven.project.MavenProject - Direct modification of compileSourceRoots through clear() is deprecated and will not work in Maven 4.0.0. Please use the add/remove methods instead. If you're using a plugin that causes this warning, please upgrade to the latest version and report an issue if the warning persists. To disable these warnings, set -Dmaven.project.sourceRoots.warningsDisabled=true on the command line, in the .mvn/maven.config file, or in project POM properties.
2026-03-13 22:50:53,619 [Worker-9: Creating maven-archetype-quickstart] WARN  o.apache.maven.project.MavenProject - Direct modification of compileSourceRoots through add() is deprecated and will not work in Maven 4.0.0. Please use the add/remove methods instead. If you're using a plugin that causes this warning, please upgrade to the latest version and report an issue if the warning persists. To disable these warnings, set -Dmaven.project.sourceRoots.warningsDisabled=true on the command line, in the .mvn/maven.config file, or in project POM properties.
2026-03-13 22:50:53,620 [Worker-9: Creating maven-archetype-quickstart] WARN  o.apache.maven.project.MavenProject - Direct modification of testCompileSourceRoots through clear() is deprecated and will not work in Maven 4.0.0. Please use the add/remove methods instead. If you're using a plugin that causes this warning, please upgrade to the latest version and report an issue if the warning persists. To disable these warnings, set -Dmaven.project.sourceRoots.warningsDisabled=true on the command line, in the .mvn/maven.config file, or in project POM properties.
2026-03-13 22:50:53,622 [Worker-9: Creating maven-archetype-quickstart] WARN  o.apache.maven.project.MavenProject - Direct modification of testCompileSourceRoots through add() is deprecated and will not work in Maven 4.0.0. Please use the add/remove methods instead. If you're using a plugin that causes this warning, please upgrade to the latest version and report an issue if the warning persists. To disable these warnings, set -Dmaven.project.sourceRoots.warningsDisabled=true on the command line, in the .mvn/maven.config file, or in project POM properties.
2026-03-13 22:50:53,700 [Worker-9: Creating maven-archetype-quickstart] INFO  o.e.m.c.i.p.ProjectConfigurationManager - Imported and configured 1 project(s) in 9 sec
2026-03-13 22:51:26,632 [Worker-7: Loading available Gradle versions] INFO  o.e.b.c.i.u.g.PublishedGradleVersions - Gradle version information cache is up-to-date. Trying to read.
2026-03-13 23:12:25,966 [Worker-11: Loading available Gradle versions] INFO  o.e.b.c.i.u.g.PublishedGradleVersions - Gradle version information cache is up-to-date. Trying to read.
2026-03-13 23:15:10,672 [Worker-12: Loading available Gradle versions] INFO  o.e.b.c.i.u.g.PublishedGradleVersions - Gradle version information cache is up-to-date. Trying to read.
